2025-10-06 22:37:33 INFO  c.l.m.Main:41                            - Starting operation: RUN_LRE_TEST
2025-10-06 22:37:35 WARN  c.l.a.l.t.s.StartGroupValidator:102      - No StartGroup found. Adding default StartGroup.
2025-10-06 22:37:35 ERROR c.l.a.r.LreRunClient:30                  - Run failed for test: yamlTest/CreateTestFromYaml.yaml
com.lre.actions.exceptions.LreException: Invalid SLA configuration for transaction 'landing_page': expected 4 thresholds for 3 load ranges, but found 5.
	at com.lre.actions.lre.testcontentvalidator.sla.SLAValidator.validateThresholdsAgainstLoadRanges(SLAValidator.java:81)
	at com.lre.actions.lre.testcontentvalidator.sla.SLAValidator.lambda$buildTransactions$0(SLAValidator.java:67)
	at java.base/java.util.stream.ReferencePipeline$3$1.accept(ReferencePipeline.java:197)
	at java.base/java.util.Iterator.forEachRemaining(Iterator.java:133)
	at java.base/java.util.Spliterators$IteratorSpliterator.forEachRemaining(Spliterators.java:1845)
	at java.base/java.util.stream.AbstractPipeline.copyInto(AbstractPipeline.java:509)
	at java.base/java.util.stream.AbstractPipeline.wrapAndCopyInto(AbstractPipeline.java:499)
	at java.base/java.util.stream.AbstractPipeline.evaluate(AbstractPipeline.java:575)
	at java.base/java.util.stream.AbstractPipeline.evaluateToArrayNode(AbstractPipeline.java:260)
	at java.base/java.util.stream.ReferencePipeline.toArray(ReferencePipeline.java:616)
	at java.base/java.util.stream.ReferencePipeline.toArray(ReferencePipeline.java:622)
	at java.base/java.util.stream.ReferencePipeline.toList(ReferencePipeline.java:627)
	at com.lre.actions.lre.testcontentvalidator.sla.SLAValidator.buildTransactions(SLAValidator.java:74)
	at com.lre.actions.lre.testcontentvalidator.sla.SLAValidator.setTxResTimeAvgSLA(SLAValidator.java:54)
	at com.lre.actions.lre.testcontentvalidator.sla.SLAValidator.validateSLA(SLAValidator.java:28)
	at com.lre.actions.lre.testcontentvalidator.LreTestContentValidator.validateSLA(LreTestContentValidator.java:104)
	at com.lre.actions.lre.testcontentvalidator.LreTestContentValidator.validateAndGetTestContent(LreTestContentValidator.java:58)
	at com.lre.actions.lre.LreTestManager.createOrUpdateTest(LreTestManager.java:104)
	at com.lre.actions.lre.LreTestManager.createNewTest(LreTestManager.java:73)
	at com.lre.actions.lre.LreTestManager.fetchTestDetails(LreTestManager.java:47)
	at com.lre.actions.runclient.LreRunClient.fetchTestDetails(LreRunClient.java:45)
	at com.lre.actions.runclient.LreRunClient.executeRunWorkflow(LreRunClient.java:36)
	at com.lre.actions.runclient.LreRunClient.startRun(LreRunClient.java:26)
	at com.lre.main.Main.runLreTest(Main.java:93)
	at com.lre.main.Main.main(Main.java:52)
2025-10-06 22:37:35 ERROR c.l.m.Main:141                           - LRE execution error: Test run execution failed
com.lre.actions.exceptions.LreException: Test run execution failed
	at com.lre.actions.runclient.LreRunClient.startRun(LreRunClient.java:31)
	at com.lre.main.Main.runLreTest(Main.java:93)
	at com.lre.main.Main.main(Main.java:52)
Caused by: com.lre.actions.exceptions.LreException: Invalid SLA configuration for transaction 'landing_page': expected 4 thresholds for 3 load ranges, but found 5.
	at com.lre.actions.lre.testcontentvalidator.sla.SLAValidator.validateThresholdsAgainstLoadRanges(SLAValidator.java:81)
	at com.lre.actions.lre.testcontentvalidator.sla.SLAValidator.lambda$buildTransactions$0(SLAValidator.java:67)
	at java.base/java.util.stream.ReferencePipeline$3$1.accept(ReferencePipeline.java:197)
	at java.base/java.util.Iterator.forEachRemaining(Iterator.java:133)
	at java.base/java.util.Spliterators$IteratorSpliterator.forEachRemaining(Spliterators.java:1845)
	at java.base/java.util.stream.AbstractPipeline.copyInto(AbstractPipeline.java:509)
	at java.base/java.util.stream.AbstractPipeline.wrapAndCopyInto(AbstractPipeline.java:499)
	at java.base/java.util.stream.AbstractPipeline.evaluate(AbstractPipeline.java:575)
	at java.base/java.util.stream.AbstractPipeline.evaluateToArrayNode(AbstractPipeline.java:260)
	at java.base/java.util.stream.ReferencePipeline.toArray(ReferencePipeline.java:616)
	at java.base/java.util.stream.ReferencePipeline.toArray(ReferencePipeline.java:622)
	at java.base/java.util.stream.ReferencePipeline.toList(ReferencePipeline.java:627)
	at com.lre.actions.lre.testcontentvalidator.sla.SLAValidator.buildTransactions(SLAValidator.java:74)
	at com.lre.actions.lre.testcontentvalidator.sla.SLAValidator.setTxResTimeAvgSLA(SLAValidator.java:54)
	at com.lre.actions.lre.testcontentvalidator.sla.SLAValidator.validateSLA(SLAValidator.java:28)
	at com.lre.actions.lre.testcontentvalidator.LreTestContentValidator.validateSLA(LreTestContentValidator.java:104)
	at com.lre.actions.lre.testcontentvalidator.LreTestContentValidator.validateAndGetTestContent(LreTestContentValidator.java:58)
	at com.lre.actions.lre.LreTestManager.createOrUpdateTest(LreTestManager.java:104)
	at com.lre.actions.lre.LreTestManager.createNewTest(LreTestManager.java:73)
	at com.lre.actions.lre.LreTestManager.fetchTestDetails(LreTestManager.java:47)
	at com.lre.actions.runclient.LreRunClient.fetchTestDetails(LreRunClient.java:45)
	at com.lre.actions.runclient.LreRunClient.executeRunWorkflow(LreRunClient.java:36)
	at com.lre.actions.runclient.LreRunClient.startRun(LreRunClient.java:26)
	... 2 common frames omitted
